[debug] [2025-03-23T19:26:30.777Z] ----------------------------------------------------------------------
[debug] [2025-03-23T19:26:30.781Z] Command:       C:\nvm4w\nodejs\node.exe C:\nvm4w\nodejs\node_modules\firebase-tools\lib\bin\firebase.js init
[debug] [2025-03-23T19:26:30.782Z] CLI Version:   13.35.1
[debug] [2025-03-23T19:26:30.782Z] Platform:      win32
[debug] [2025-03-23T19:26:30.782Z] Node Version:  v18.19.1
[debug] [2025-03-23T19:26:30.785Z] Time:          Mon Mar 24 2025 03:26:30 GMT+0800 (Singapore Standard Time)
[debug] [2025-03-23T19:26:30.786Z] ----------------------------------------------------------------------
[debug] 
[debug] [2025-03-23T19:26:31.259Z] > command requires scopes: ["email","openid","https://www.googleapis.com/auth/cloudplatformprojects.readonly","https://www.googleapis.com/auth/firebase","https://www.googleapis.com/auth/cloud-platform"]
[debug] [2025-03-23T19:26:31.260Z] > authorizing via signed-in user (malam.shadab@gmail.com)
[info] 
     ######## #### ########  ######## ########     ###     ######  ########
     ##        ##  ##     ## ##       ##     ##  ##   ##  ##       ##
     ######    ##  ########  ######   ########  #########  ######  ######
     ##        ##  ##    ##  ##       ##     ## ##     ##       ## ##
     ##       #### ##     ## ######## ########  ##     ##  ######  ########

You're about to initialize a Firebase project in this directory:

  C:\hard_work\web_fire\my-angular-firebase-app

Before we get started, keep in mind:

  * You are currently outside your home directory
  * You are initializing within an existing Firebase project directory

[info] 
=== Project Setup
[info] 
[info] First, let's associate this project directory with a Firebase project.
[info] You can create multiple project aliases by running firebase use --add, 
[info] but for now we'll just set up a default project.
[info] 
[debug] [2025-03-23T19:27:55.972Z] Using project from CLI flag: sunset-strikes
[debug] [2025-03-23T19:27:55.974Z] Checked if tokens are valid: false, expires at: 1742749208595
[debug] [2025-03-23T19:27:55.975Z] Checked if tokens are valid: false, expires at: 1742749208595
[debug] [2025-03-23T19:27:55.975Z] > refreshing access token with scopes: []
[debug] [2025-03-23T19:27:55.977Z] >>> [apiv2][query] POST https://www.googleapis.com/oauth2/v3/token [none]
[debug] [2025-03-23T19:27:55.977Z] >>> [apiv2][body] POST https://www.googleapis.com/oauth2/v3/token [omitted]
[debug] [2025-03-23T19:27:56.147Z] <<< [apiv2][status] POST https://www.googleapis.com/oauth2/v3/token 200
[debug] [2025-03-23T19:27:56.147Z] <<< [apiv2][body] POST https://www.googleapis.com/oauth2/v3/token [omitted]
[debug] [2025-03-23T19:27:56.169Z] >>> [apiv2][query] GET https://firebase.googleapis.com/v1beta1/projects/sunset-strikes [none]
[debug] [2025-03-23T19:27:56.701Z] <<< [apiv2][status] GET https://firebase.googleapis.com/v1beta1/projects/sunset-strikes 200
[debug] [2025-03-23T19:27:56.701Z] <<< [apiv2][body] GET https://firebase.googleapis.com/v1beta1/projects/sunset-strikes {"projectId":"sunset-strikes","projectNumber":"439378182061","displayName":"sunset-strikes","name":"projects/sunset-strikes","resources":{"hostingSite":"sunset-strikes"},"state":"ACTIVE","etag":"1_8f35e1e1-d5ee-46b1-a6d4-e898b6336651"}
[info] i  Using project sunset-strikes (sunset-strikes) 
[info] 
=== Apphosting Setup
[debug] [2025-03-23T19:27:56.709Z] Checked if tokens are valid: true, expires at: 1742761675147
[debug] [2025-03-23T19:27:56.709Z] Checked if tokens are valid: true, expires at: 1742761675147
[debug] [2025-03-23T19:27:56.709Z] >>> [apiv2][query] GET https://cloudbilling.googleapis.com/v1/projects/sunset-strikes/billingInfo [none]
[debug] [2025-03-23T19:27:57.993Z] <<< [apiv2][status] GET https://cloudbilling.googleapis.com/v1/projects/sunset-strikes/billingInfo 200
[debug] [2025-03-23T19:27:57.993Z] <<< [apiv2][body] GET https://cloudbilling.googleapis.com/v1/projects/sunset-strikes/billingInfo {"name":"projects/sunset-strikes/billingInfo","projectId":"sunset-strikes","billingAccountName":"","billingEnabled":false}
[info] i  Writing default settings to apphosting.yaml... 
[info] +  Wrote apphosting.yaml 
[info] +  Create a new App Hosting backend with `firebase apphosting:backends:create` 
[info] 
=== Hosting Setup
[debug] [2025-03-23T19:27:58.000Z] Checked if tokens are valid: true, expires at: 1742761675147
[debug] [2025-03-23T19:27:58.000Z] Checked if tokens are valid: true, expires at: 1742761675147
[debug] [2025-03-23T19:27:58.001Z] >>> [apiv2][query] GET https://firebase.googleapis.com/v1beta1/projects/sunset-strikes [none]
[debug] [2025-03-23T19:27:58.507Z] <<< [apiv2][status] GET https://firebase.googleapis.com/v1beta1/projects/sunset-strikes 200
[debug] [2025-03-23T19:27:58.507Z] <<< [apiv2][body] GET https://firebase.googleapis.com/v1beta1/projects/sunset-strikes {"projectId":"sunset-strikes","projectNumber":"439378182061","displayName":"sunset-strikes","name":"projects/sunset-strikes","resources":{"hostingSite":"sunset-strikes"},"state":"ACTIVE","etag":"1_8f35e1e1-d5ee-46b1-a6d4-e898b6336651"}
[info] 
[info] Your public directory is the folder (relative to your project directory) that
[info] will contain Hosting assets to be uploaded with firebase deploy. If you
[info] have a build process for your assets, use your build's output directory.
[info] 
[debug] [2025-03-23T19:28:25.904Z] >>> [apiv2][query] GET https://www.gstatic.com/firebasejs/releases.json [none]
[debug] [2025-03-23T19:28:25.964Z] <<< [apiv2][status] GET https://www.gstatic.com/firebasejs/releases.json 200
[debug] [2025-03-23T19:28:25.964Z] <<< [apiv2][body] GET https://www.gstatic.com/firebasejs/releases.json {"current":{"version":"11.5.0","browserURL":"https://www.gstatic.com/firebasejs/11.5.0/firebase.js","packageURL":"https://www.gstatic.com/firebasejs/11.5.0/firebase.tgz"},"live":{"version":"11.5","browserURL":"https://www.gstatic.com/firebasejs/live/11.5/firebase.js","packageURL":"https://www.gstatic.com/firebasejs/live/11.5/firebase.tgz"},"components":{"analytics":"https://www.gstatic.com/firebasejs/11.5.0/firebase-analytics.js","app":"https://www.gstatic.com/firebasejs/11.5.0/firebase-app.js","app-check":"https://www.gstatic.com/firebasejs/11.5.0/firebase-app-check.js","auth":"https://www.gstatic.com/firebasejs/11.5.0/firebase-auth.js","auth/cordova":"https://www.gstatic.com/firebasejs/11.5.0/firebase-auth/cordova.js","auth/web-extension":"https://www.gstatic.com/firebasejs/11.5.0/firebase-auth/web-extension.js","functions":"https://www.gstatic.com/firebasejs/11.5.0/firebase-functions.js","firestore":"https://www.gstatic.com/firebasejs/11.5.0/firebase-firestore.js","firestore/lite":"https://www.gstatic.com/firebasejs/11.5.0/firebase-firestore/lite.js","installations":"https://www.gstatic.com/firebasejs/11.5.0/firebase-installations.js","storage":"https://www.gstatic.com/firebasejs/11.5.0/firebase-storage.js","performance":"https://www.gstatic.com/firebasejs/11.5.0/firebase-performance.js","remote-config":"https://www.gstatic.com/firebasejs/11.5.0/firebase-remote-config.js","messaging":"https://www.gstatic.com/firebasejs/11.5.0/firebase-messaging.js","messaging/sw":"https://www.gstatic.com/firebasejs/11.5.0/firebase-messaging/sw.js","database":"https://www.gstatic.com/firebasejs/11.5.0/firebase-database.js","vertexai":"https://www.gstatic.com/firebasejs/11.5.0/firebase-vertexai.js","data-connect":"https://www.gstatic.com/firebasejs/11.5.0/firebase-data-connect.js","firestore.memory":"https://www.gstatic.com/firebasejs/11.5.0/firebase-firestore.memory.js"}}
[info] +  Wrote public/index.html 
[info] 
[info] i  Didn't detect a .git folder. Assuming C:\hard_work\web_fire\my-angular-firebase-app is the project root. 
[info] i  Authorizing with GitHub to upload your service account to a GitHub repository's secrets store. 
[info] 
[info] Visit this URL on this device to log in:
[info] https://github.com/login/oauth/authorize?client_id=89cf50f02ac6aaed3484&state=803392787&redirect_uri=http%3A%2F%2Flocalhost%3A9005&scope=read%3Auser%20repo%20public_repo
[info] 
[info] Waiting for authentication...
[debug] [2025-03-23T19:28:38.893Z] >>> [apiv2][query] POST https://github.com/login/oauth/access_token [none]
[debug] [2025-03-23T19:28:38.893Z] >>> [apiv2][body] POST https://github.com/login/oauth/access_token [stream]
[debug] [2025-03-23T19:28:39.270Z] <<< [apiv2][status] POST https://github.com/login/oauth/access_token 200
[debug] [2025-03-23T19:28:39.270Z] <<< [apiv2][body] POST https://github.com/login/oauth/access_token {"access_token":"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","token_type":"bearer","scope":"read:user,repo"}
[debug] [2025-03-23T19:28:39.273Z] >>> [apiv2][query] GET https://api.github.com/user [none]
[debug] [2025-03-23T19:28:39.676Z] <<< [apiv2][status] GET https://api.github.com/user 200
[debug] [2025-03-23T19:28:39.676Z] <<< [apiv2][body] GET https://api.github.com/user {"login":"malam-shadab","id":12637926,"node_id":"MDQ6VXNlcjEyNjM3OTI2","avatar_url":"https://avatars.githubusercontent.com/u/12637926?v=4","gravatar_id":"","url":"https://api.github.com/users/malam-shadab","html_url":"https://github.com/malam-shadab","followers_url":"https://api.github.com/users/malam-shadab/followers","following_url":"https://api.github.com/users/malam-shadab/following{/other_user}","gists_url":"https://api.github.com/users/malam-shadab/gists{/gist_id}","starred_url":"https://api.github.com/users/malam-shadab/starred{/owner}{/repo}","subscriptions_url":"https://api.github.com/users/malam-shadab/subscriptions","organizations_url":"https://api.github.com/users/malam-shadab/orgs","repos_url":"https://api.github.com/users/malam-shadab/repos","events_url":"https://api.github.com/users/malam-shadab/events{/privacy}","received_events_url":"https://api.github.com/users/malam-shadab/received_events","type":"User","user_view_type":"private","site_admin":false,"name":null,"company":null,"blog":"","location":null,"email":null,"hireable":null,"bio":null,"twitter_username":null,"notification_email":null,"public_repos":2,"public_gists":0,"followers":0,"following":0,"created_at":"2015-05-28T05:46:47Z","updated_at":"2025-03-15T20:22:31Z","private_gists":0,"total_private_repos":0,"owned_private_repos":0,"disk_usage":19804,"collaborators":0,"two_factor_authentication":false,"plan":{"name":"free","space":976562499,"collaborators":0,"private_repos":10000}}
[info] 
[info] +  Success! Logged into GitHub as malam-shadab 
[info] 
